{"numTotalTestSuites":19,"numPassedTestSuites":17,"numFailedTestSuites":2,"numPendingTestSuites":0,"numTotalTests":27,"numPassedTests":26,"numFailedTests":1,"numPendingTests":0,"numTodoTests":0,"snapshot":{"added":0,"failure":false,"filesAdded":0,"filesRemoved":0,"filesRemovedList":[],"filesUnmatched":0,"filesUpdated":0,"matched":0,"total":0,"unchecked":0,"uncheckedKeysByFile":[],"unmatched":0,"updated":0,"didUpdate":false},"startTime":1779072189447,"success":false,"testResults":[{"assertionResults":[{"ancestorTitles":["AI chat message rendering"],"fullName":"AI chat message rendering renders assistant content as Markdown with clickable source links","status":"failed","title":"renders assistant content as Markdown with clickable source links","duration":327.09850000000006,"failureMessages":["TestingLibraryElementError: Unable to find an accessible element with the role \"link\" and name \"Current quote\"\n\nHere are the accessible roles:\n\n  heading:\n\n  Name \"Summary\":\n  \u001b[36m<h2 />\u001b[39m\n\n  --------------------------------------------------\n  list:\n\n  Name \"\":\n  \u001b[36m<ul />\u001b[39m\n\n  --------------------------------------------------\n  listitem:\n\n  Name \"\":\n  \u001b[36m<li />\u001b[39m\n\n  Name \"\":\n  \u001b[36m<li />\u001b[39m\n\n  --------------------------------------------------\n  link:\n\n  Name \"Requo\":\n  \u001b[36m<a\u001b[39m\n    \u001b[33mhref\u001b[39m=\u001b[32m\"https://requo.test\"\u001b[39m\n    \u001b[33mnode\u001b[39m=\u001b[32m\"[object Object]\"\u001b[39m\n    \u001b[33mrel\u001b[39m=\u001b[32m\"noreferrer\"\u001b[39m\n    \u001b[33mtarget\u001b[39m=\u001b[32m\"_blank\"\u001b[39m\n  \u001b[36m/>\u001b[39m\n\n  --------------------------------------------------\n  button:\n\n  Name \"Copy response\":\n  \u001b[36m<button\u001b[39m\n    \u001b[33maria-label\u001b[39m=\u001b[32m\"Copy response\"\u001b[39m\n    \u001b[33mclass\u001b[39m=\u001b[32m\"inline-flex items-center gap-1 rounded-md px-1.5 py-0.5 text-xs text-muted-foreground transition-colors hover:bg-accent hover:text-foreground focus-visible:outline-none focus-visible:ring-2 focus-visible:ring-ring\"\u001b[39m\n    \u001b[33mtype\u001b[39m=\u001b[32m\"button\"\u001b[39m\n  \u001b[36m/>\u001b[39m\n\n  --------------------------------------------------\n\nIgnored nodes: comments, script, style\n\u001b[36m<body>\u001b[39m\n  \u001b[36m<div>\u001b[39m\n    \u001b[36m<div\u001b[39m\n      \u001b[33mclass\u001b[39m=\u001b[32m\"flex min-h-6 flex-col items-center justify-center gap-1 text-[0.7rem] text-muted-foreground\"\u001b[39m\n    \u001b[36m>\u001b[39m\n      \u001b[36m<span\u001b[39m\n        \u001b[33mclass\u001b[39m=\u001b[32m\"tracking-[0.12em] uppercase\"\u001b[39m\n      \u001b[36m>\u001b[39m\n        \u001b[0mStart of conversation\u001b[0m\n      \u001b[36m</span>\u001b[39m\n    \u001b[36m</div>\u001b[39m\n    \u001b[36m<div\u001b[39m\n      \u001b[33mclass\u001b[39m=\u001b[32m\"flex w-full justify-start\"\u001b[39m\n    \u001b[36m>\u001b[39m\n      \u001b[36m<div\u001b[39m\n        \u001b[33mclass\u001b[39m=\u001b[32m\"flex max-w-[92%] flex-col gap-2\"\u001b[39m\n      \u001b[36m>\u001b[39m\n        \u001b[36m<div\u001b[39m\n          \u001b[33mclass\u001b[39m=\u001b[32m\"group/assistant w-full rounded-2xl border border-border/60 bg-background px-4 py-3 shadow-[var(--surface-shadow-sm)]\"\u001b[39m\n        \u001b[36m>\u001b[39m\n          \u001b[36m<div\u001b[39m\n            \u001b[33mclass\u001b[39m=\u001b[32m\"flex flex-col gap-3\"\u001b[39m\n          \u001b[36m>\u001b[39m\n            \u001b[36m<div\u001b[39m\n              \u001b[33mclass\u001b[39m=\u001b[32m\"ai-prose text-sm leading-6 text-foreground\"\u001b[39m\n            \u001b[36m>\u001b[39m\n              \u001b[36m<h2>\u001b[39m\n                \u001b[0mSummary\u001b[0m\n              \u001b[36m</h2>\u001b[39m\n              \u001b[0m\n\u001b[0m\n              \u001b[36m<ul>\u001b[39m\n                \u001b[0m\n\u001b[0m\n                \u001b[36m<li>\u001b[39m\n                  \u001b[0mReview the latest quote before sending.\u001b[0m\n                \u001b[36m</li>\u001b[39m\n                \u001b[0m\n\u001b[0m\n                \u001b[36m<li>\u001b[39m\n                  \u001b[0mOpen \u001b[0m\n                  \u001b[36m<a\u001b[39m\n                    \u001b[33mhref\u001b[39m=\u001b[32m\"https://requo.test\"\u001b[39m\n                    \u001b[33mnode\u001b[39m=\u001b[32m\"[object Object]\"\u001b[39m\n                    \u001b[33mrel\u001b[39m=\u001b[32m\"noreferrer\"\u001b[39m\n                    \u001b[33mtarget\u001b[39m=\u001b[32m\"_blank\"\u001b[39m\n                  \u001b[36m>\u001b[39m\n                    \u001b[0mRequo\u001b[0m\n                  \u001b[36m</a>\u001b[39m\n                  \u001b[0m for the workspace.\u001b[0m\n                \u001b[36m</li>\u001b[39m\n                \u001b[0m\n\u001b[0m\n              \u001b[36m</ul>\u001b[39m\n            \u001b[36m</div>\u001b[39m\n            \u001b[36m<div\u001b[39m\n              \u001b[33mclass\u001b[39m=\u001b[32m\"flex items-center justify-between gap-3 pt-1\"\u001b[39m\n            \u001b[36m>\u001b[39m\n              \u001b[36m<span\u001b[39m\n                \u001b[33mclass\u001b[39m=\u001b[32m\"truncate font-mono text-[0.68rem] text-muted-foreground invisible\"\u001b[39m\n              \u001b[36m/>\u001b[39m\n              \u001b[36m<button\u001b[39m\n                \u001b[33maria-label\u001b[39m=\u001b[32m\"Copy response\"\u001b[39m\n                \u001b[33mclass\u001b[39m=\u001b[32m\"inline-flex items-center gap-1 rounded-md px-1.5 py-0.5 text-xs text-muted-foreground transition-colors hover:bg-accent hover:text-foreground focus-visible:outline-none focus-visible:ring-2 focus-visible:ring-ring\"\u001b[39m\n                \u001b[33mtype\u001b[39m=\u001b[32m\"button\"\u001b[39m\n              \u001b[36m>\u001b[39m\n                \u001b[36m<svg\u001b[39m\n                  \u001b[33maria-hidden\u001b[39m=\u001b[32m\"true\"\u001b[39m\n                  \u001b[33mclass\u001b[39m=\u001b[32m\"lucide lucide-copy size-3.5\"\u001b[39m\n                  \u001b[33mfill\u001b[39m=\u001b[32m\"none\"\u001b[39m\n                  \u001b[33mheight\u001b[39m=\u001b[32m\"24\"\u001b[39m\n                  \u001b[33mstroke\u001b[39m=\u001b[32m\"currentColor\"\u001b[39m\n                  \u001b[33mstroke-linecap\u001b[39m=\u001b[32m\"round\"\u001b[39m\n                  \u001b[33mstroke-linejoin\u001b[39m=\u001b[32m\"round\"\u001b[39m\n                  \u001b[33mstroke-width\u001b[39m=\u001b[32m\"2\"\u001b[39m\n                  \u001b[33mviewBox\u001b[39m=\u001b[32m\"0 0 24 24\"\u001b[39m\n                  \u001b[33mwidth\u001b[39m=\u001b[32m\"24\"\u001b[39m\n                  \u001b[33mxmlns\u001b[39m=\u001b[32m\"http://www.w3.org/2000/svg\"\u001b[39m\n                \u001b[36m>\u001b[39m\n                  \u001b[36m<rect\u001b[39m\n                    \u001b[33mheight\u001b[39m=\u001b[32m\"14\"\u001b[39m\n                    \u001b[33mrx\u001b[39m=\u001b[32m\"2\"\u001b[39m\n                    \u001b[33mry\u001b[39m=\u001b[32m\"2\"\u001b[39m\n                    \u001b[33mwidth\u001b[39m=\u001b[32m\"14\"\u001b[39m\n                    \u001b[33mx\u001b[39m=\u001b[32m\"8\"\u001b[39m\n                    \u001b[33my\u001b[39m=\u001b[32m\"8\"\u001b[39m\n                  \u001b[36m/>\u001b[39m\n                  \u001b[36m<path\u001b[39m\n                    \u001b[33md\u001b[39m=\u001b[32m\"M4 16c-1.1 0-2-.9-2-2V4c0-1.1.9-2 2-2h10c1.1 0 2 .9 2 2\"\u001b[39m\n                  \u001b[36m/>\u001b[39m\n                \u001b[36m</svg>\u001b[39m\n                \u001b[0mCopy\u001b[0m\n              \u001b[36m</button>\u001b[39m\n            \u001b[36m</div>\u001b[39m\n          \u001b[36m</div>\u001b[39m\n        \u001b[36m</div>\u001b[39m\n      \u001b[36m</div>\u001b[39m\n    \u001b[36m</div>\u001b[39m\n  \u001b[36m</div>\u001b[39m\n\u001b[36m</body>\u001b[39m\n    at Object.getElementError (D:\\Code\\projects\\requo\\node_modules\\@testing-library\\dom\\dist\\config.js:37:19)\n    at D:\\Code\\projects\\requo\\node_modules\\@testing-library\\dom\\dist\\query-helpers.js:76:38\n    at D:\\Code\\projects\\requo\\node_modules\\@testing-library\\dom\\dist\\query-helpers.js:52:17\n    at D:\\Code\\projects\\requo\\node_modules\\@testing-library\\dom\\dist\\query-helpers.js:95:19\n    at D:/Code/projects/requo/tests/components/ai-chat-panel-rendering.test.tsx:61:14\n    at file:///D:/Code/projects/requo/node_modules/@vitest/runner/dist/chunk-artifact.js:302:11\n    at file:///D:/Code/projects/requo/node_modules/@vitest/runner/dist/chunk-artifact.js:1903:26\n    at file:///D:/Code/projects/requo/node_modules/@vitest/runner/dist/chunk-artifact.js:2326:20\n    at new Promise (<anonymous>)\n    at runWithCancel (file:///D:/Code/projects/requo/node_modules/@vitest/runner/dist/chunk-artifact.js:2323:10)"],"meta":{},"tags":[]},{"ancestorTitles":["AI chat message rendering"],"fullName":"AI chat message rendering shows model metadata when dev rendering is enabled","status":"passed","title":"shows model metadata when dev rendering is enabled","duration":36.017399999998815,"failureMessages":[],"meta":{},"tags":[]}],"startTime":1779072198978,"endTime":1779072199341.0173,"status":"failed","message":"","name":"D:/Code/projects/requo/tests/components/ai-chat-panel-rendering.test.tsx"},{"assertionResults":[{"ancestorTitles":["auth forms"],"fullName":"auth forms submits the login form with a safe callback and redirects after success","status":"passed","title":"submits the login form with a safe callback and redirects after success","duration":1209.4920999999995,"failureMessages":[],"meta":{},"tags":[]},{"ancestorTitles":["auth forms"],"fullName":"auth forms submits signup with the verification callback and shows the inbox state","status":"passed","title":"submits signup with the verification callback and shows the inbox state","duration":983.9224000000004,"failureMessages":[],"meta":{},"tags":[]},{"ancestorTitles":["auth forms"],"fullName":"auth forms requests a password reset with the reset-password redirect","status":"passed","title":"requests a password reset with the reset-password redirect","duration":373.01920000000064,"failureMessages":[],"meta":{},"tags":[]}],"startTime":1779072196425,"endTime":1779072198991.0193,"status":"passed","message":"","name":"D:/Code/projects/requo/tests/components/auth-forms.test.tsx"},{"assertionResults":[{"ancestorTitles":["BusinessNotificationSettingsForm"],"fullName":"BusinessNotificationSettingsForm subscribes this browser before enabling a push channel","status":"passed","title":"subscribes this browser before enabling a push channel","duration":1210.6382999999996,"failureMessages":[],"meta":{},"tags":[]},{"ancestorTitles":["BusinessNotificationSettingsForm"],"fullName":"BusinessNotificationSettingsForm does not enable a push channel when browser registration fails","status":"passed","title":"does not enable a push channel when browser registration fails","duration":492.70010000000093,"failureMessages":[],"meta":{},"tags":[]},{"ancestorTitles":["BusinessNotificationSettingsForm"],"fullName":"BusinessNotificationSettingsForm removes this browser when the last push channel is disabled","status":"passed","title":"removes this browser when the last push channel is disabled","duration":565.109199999999,"failureMessages":[],"meta":{},"tags":[]}],"startTime":1779072196130,"endTime":1779072198399.1091,"status":"passed","message":"","name":"D:/Code/projects/requo/tests/components/business-notification-settings-form.test.tsx"},{"assertionResults":[{"ancestorTitles":["DashboardNotificationBell"],"fullName":"DashboardNotificationBell subscribes when opened and refreshes the route when a notification arrives","status":"passed","title":"subscribes when opened and refreshes the route when a notification arrives","duration":854.0913999999993,"failureMessages":[],"meta":{},"tags":[]},{"ancestorTitles":["DashboardNotificationBell"],"fullName":"DashboardNotificationBell refreshes route when an inquiry insert arrives","status":"passed","title":"refreshes route when an inquiry insert arrives","duration":264.0553,"failureMessages":[],"meta":{},"tags":[]},{"ancestorTitles":["DashboardNotificationBell"],"fullName":"DashboardNotificationBell opens notifications in a mobile sheet","status":"passed","title":"opens notifications in a mobile sheet","duration":133.8741,"failureMessages":[],"meta":{},"tags":[]}],"startTime":1779072196187,"endTime":1779072197439.874,"status":"passed","message":"","name":"D:/Code/projects/requo/tests/components/dashboard-notification-bell.test.tsx"},{"assertionResults":[{"ancestorTitles":["paywalled export actions"],"fullName":"paywalled export actions shows a Pro notice instead of a PDF link in the send quote dialog","status":"passed","title":"shows a Pro notice instead of a PDF link in the send quote dialog","duration":502.13560000000143,"failureMessages":[],"meta":{},"tags":[]},{"ancestorTitles":["paywalled export actions"],"fullName":"paywalled export actions does not navigate command-menu exports on the free plan","status":"passed","title":"does not navigate command-menu exports on the free plan","duration":263.5508000000009,"failureMessages":[],"meta":{},"tags":[]},{"ancestorTitles":["paywalled export actions"],"fullName":"paywalled export actions keeps command-menu exports available on paid plans","status":"passed","title":"keeps command-menu exports available on paid plans","duration":198.07880000000114,"failureMessages":[],"meta":{},"tags":[]}],"startTime":1779072201114,"endTime":1779072202078.0789,"status":"passed","message":"","name":"D:/Code/projects/requo/tests/components/paywall-actions.test.tsx"},{"assertionResults":[{"ancestorTitles":["Business plan suppression","UpgradePrompt"],"fullName":"Business plan suppression UpgradePrompt returns null for business plan (no output rendered)","status":"passed","title":"returns null for business plan (no output rendered)","duration":32.32619999999952,"failureMessages":[],"meta":{},"tags":[]},{"ancestorTitles":["Business plan suppression","UpgradePrompt"],"fullName":"Business plan suppression UpgradePrompt returns null for all variants on business plan","status":"passed","title":"returns null for all variants on business plan","duration":16.89930000000004,"failureMessages":[],"meta":{},"tags":[]},{"ancestorTitles":["Business plan suppression","LockedAction"],"fullName":"Business plan suppression LockedAction renders children normally without lock indicators for business plan","status":"passed","title":"renders children normally without lock indicators for business plan","duration":199.90059999999994,"failureMessages":[],"meta":{},"tags":[]},{"ancestorTitles":["Business plan suppression","LockedAction"],"fullName":"Business plan suppression LockedAction passes through for all features on business plan","status":"passed","title":"passes through for all features on business plan","duration":103.0587000000005,"failureMessages":[],"meta":{},"tags":[]},{"ancestorTitles":["Business plan suppression","LockedAction"],"fullName":"Business plan suppression LockedAction does not render lock icon or plan badge for business plan","status":"passed","title":"does not render lock icon or plan badge for business plan","duration":7.0622999999995955,"failureMessages":[],"meta":{},"tags":[]},{"ancestorTitles":["Business plan suppression","FeaturePreviewPaywall"],"fullName":"Business plan suppression FeaturePreviewPaywall renders children without paywall indicators for business plan","status":"passed","title":"renders children without paywall indicators for business plan","duration":9.460000000000036,"failureMessages":[],"meta":{},"tags":[]},{"ancestorTitles":["Business plan suppression","FeaturePreviewPaywall"],"fullName":"Business plan suppression FeaturePreviewPaywall renders children for all features on business plan","status":"passed","title":"renders children for all features on business plan","duration":26.317000000000007,"failureMessages":[],"meta":{},"tags":[]},{"ancestorTitles":["Business plan suppression","PremiumContentBlur"],"fullName":"Business plan suppression PremiumContentBlur renders children without blur for business plan","status":"passed","title":"renders children without blur for business plan","duration":6.440900000000511,"failureMessages":[],"meta":{},"tags":[]},{"ancestorTitles":["Business plan suppression","PremiumContentBlur"],"fullName":"Business plan suppression PremiumContentBlur renders children for all features on business plan","status":"passed","title":"renders children for all features on business plan","duration":31.630200000000514,"failureMessages":[],"meta":{},"tags":[]},{"ancestorTitles":["Business plan suppression","Integration: no paywall UI renders for business-plan users"],"fullName":"Business plan suppression Integration: no paywall UI renders for business-plan users renders a full page with all paywall components and no upgrade UI for business plan","status":"passed","title":"renders a full page with all paywall components and no upgrade UI for business plan","duration":43.18279999999959,"failureMessages":[],"meta":{},"tags":[]}],"startTime":1779072196311,"endTime":1779072196789.1829,"status":"passed","message":"","name":"D:/Code/projects/requo/tests/components/paywall-business-suppression.test.tsx"},{"assertionResults":[{"ancestorTitles":["QuoteEditor AI missing info"],"fullName":"QuoteEditor AI missing info shows missing details after AI generation","status":"passed","title":"shows missing details after AI generation","duration":558.3715000000011,"failureMessages":[],"meta":{},"tags":[]},{"ancestorTitles":["QuoteEditor AI missing info"],"fullName":"QuoteEditor AI missing info copies the suggested clarification message from the missing info panel","status":"passed","title":"copies the suggested clarification message from the missing info panel","duration":73.9405999999999,"failureMessages":[],"meta":{},"tags":[]},{"ancestorTitles":["QuoteEditor AI missing info"],"fullName":"QuoteEditor AI missing info does not show the missing details panel when the AI returns none","status":"passed","title":"does not show the missing details panel when the AI returns none","duration":210.07070000000022,"failureMessages":[],"meta":{},"tags":[]}],"startTime":1779072201288,"endTime":1779072202130.0708,"status":"passed","message":"","name":"D:/Code/projects/requo/tests/components/quote-editor-ai-missing-info.test.tsx"}]}