{"numTotalTestSuites":19,"numPassedTestSuites":19,"numFailedTestSuites":0,"numPendingTestSuites":0,"numTotalTests":27,"numPassedTests":27,"numFailedTests":0,"numPendingTests":0,"numTodoTests":0,"snapshot":{"added":0,"failure":false,"filesAdded":0,"filesRemoved":0,"filesRemovedList":[],"filesUnmatched":0,"filesUpdated":0,"matched":0,"total":0,"unchecked":0,"uncheckedKeysByFile":[],"unmatched":0,"updated":0,"didUpdate":false},"startTime":1779225554136,"success":true,"testResults":[{"assertionResults":[{"ancestorTitles":["AI chat message rendering"],"fullName":"AI chat message rendering renders assistant content as Markdown with clickable source links","status":"passed","title":"renders assistant content as Markdown with clickable source links","duration":199.73759999999857,"failureMessages":[],"meta":{},"tags":[]},{"ancestorTitles":["AI chat message rendering"],"fullName":"AI chat message rendering shows model metadata when dev rendering is enabled","status":"passed","title":"shows model metadata when dev rendering is enabled","duration":27.312400000000707,"failureMessages":[],"meta":{},"tags":[]}],"startTime":1779225564665,"endTime":1779225564892.3125,"status":"passed","message":"","name":"D:/Code/projects/requo/tests/components/ai-chat-panel-rendering.test.tsx"},{"assertionResults":[{"ancestorTitles":["auth forms"],"fullName":"auth forms submits the login form with a safe callback and redirects after success","status":"passed","title":"submits the login form with a safe callback and redirects after success","duration":1155.2033999999994,"failureMessages":[],"meta":{},"tags":[]},{"ancestorTitles":["auth forms"],"fullName":"auth forms submits signup with the verification callback and shows the inbox state","status":"passed","title":"submits signup with the verification callback and shows the inbox state","duration":872.2513999999992,"failureMessages":[],"meta":{},"tags":[]},{"ancestorTitles":["auth forms"],"fullName":"auth forms requests a password reset with the reset-password redirect","status":"passed","title":"requests a password reset with the reset-password redirect","duration":374.59189999999944,"failureMessages":[],"meta":{},"tags":[]}],"startTime":1779225561292,"endTime":1779225563694.5918,"status":"passed","message":"","name":"D:/Code/projects/requo/tests/components/auth-forms.test.tsx"},{"assertionResults":[{"ancestorTitles":["BusinessNotificationSettingsForm"],"fullName":"BusinessNotificationSettingsForm subscribes this browser and auto-saves when enabling a push toggle","status":"passed","title":"subscribes this browser and auto-saves when enabling a push toggle","duration":916.9426999999996,"failureMessages":[],"meta":{},"tags":[]},{"ancestorTitles":["BusinessNotificationSettingsForm"],"fullName":"BusinessNotificationSettingsForm does not enable a push channel when browser registration fails","status":"passed","title":"does not enable a push channel when browser registration fails","duration":365.3142000000007,"failureMessages":[],"meta":{},"tags":[]},{"ancestorTitles":["BusinessNotificationSettingsForm"],"fullName":"BusinessNotificationSettingsForm removes this browser subscription when the last push channel is disabled","status":"passed","title":"removes this browser subscription when the last push channel is disabled","duration":280.232500000001,"failureMessages":[],"meta":{},"tags":[]}],"startTime":1779225560916,"endTime":1779225562479.2324,"status":"passed","message":"","name":"D:/Code/projects/requo/tests/components/business-notification-settings-form.test.tsx"},{"assertionResults":[{"ancestorTitles":["DashboardNotificationBell"],"fullName":"DashboardNotificationBell subscribes when opened and refreshes the route when a notification arrives","status":"passed","title":"subscribes when opened and refreshes the route when a notification arrives","duration":854.9763999999996,"failureMessages":[],"meta":{},"tags":[]},{"ancestorTitles":["DashboardNotificationBell"],"fullName":"DashboardNotificationBell refreshes route when an inquiry insert arrives","status":"passed","title":"refreshes route when an inquiry insert arrives","duration":262.7602999999999,"failureMessages":[],"meta":{},"tags":[]},{"ancestorTitles":["DashboardNotificationBell"],"fullName":"DashboardNotificationBell opens notifications in a mobile sheet","status":"passed","title":"opens notifications in a mobile sheet","duration":103.26829999999973,"failureMessages":[],"meta":{},"tags":[]}],"startTime":1779225561016,"endTime":1779225562237.2683,"status":"passed","message":"","name":"D:/Code/projects/requo/tests/components/dashboard-notification-bell.test.tsx"},{"assertionResults":[{"ancestorTitles":["paywalled export actions"],"fullName":"paywalled export actions shows a Pro notice instead of a PDF link in the send quote dialog","status":"passed","title":"shows a Pro notice instead of a PDF link in the send quote dialog","duration":488.1636000000017,"failureMessages":[],"meta":{},"tags":[]},{"ancestorTitles":["paywalled export actions"],"fullName":"paywalled export actions does not navigate command-menu exports on the free plan","status":"passed","title":"does not navigate command-menu exports on the free plan","duration":261.15020000000004,"failureMessages":[],"meta":{},"tags":[]},{"ancestorTitles":["paywalled export actions"],"fullName":"paywalled export actions keeps command-menu exports available on paid plans","status":"passed","title":"keeps command-menu exports available on paid plans","duration":216.66509999999835,"failureMessages":[],"meta":{},"tags":[]}],"startTime":1779225565789,"endTime":1779225566754.665,"status":"passed","message":"","name":"D:/Code/projects/requo/tests/components/paywall-actions.test.tsx"},{"assertionResults":[{"ancestorTitles":["Business plan suppression","UpgradePrompt"],"fullName":"Business plan suppression UpgradePrompt returns null for business plan (no output rendered)","status":"passed","title":"returns null for business plan (no output rendered)","duration":30.396499999999833,"failureMessages":[],"meta":{},"tags":[]},{"ancestorTitles":["Business plan suppression","UpgradePrompt"],"fullName":"Business plan suppression UpgradePrompt returns null for all variants on business plan","status":"passed","title":"returns null for all variants on business plan","duration":16.51010000000042,"failureMessages":[],"meta":{},"tags":[]},{"ancestorTitles":["Business plan suppression","LockedAction"],"fullName":"Business plan suppression LockedAction renders children normally without lock indicators for business plan","status":"passed","title":"renders children normally without lock indicators for business plan","duration":229.2526000000007,"failureMessages":[],"meta":{},"tags":[]},{"ancestorTitles":["Business plan suppression","LockedAction"],"fullName":"Business plan suppression LockedAction passes through for all features on business plan","status":"passed","title":"passes through for all features on business plan","duration":119.0028000000002,"failureMessages":[],"meta":{},"tags":[]},{"ancestorTitles":["Business plan suppression","LockedAction"],"fullName":"Business plan suppression LockedAction does not render lock icon or plan badge for business plan","status":"passed","title":"does not render lock icon or plan badge for business plan","duration":11.00420000000031,"failureMessages":[],"meta":{},"tags":[]},{"ancestorTitles":["Business plan suppression","FeaturePreviewPaywall"],"fullName":"Business plan suppression FeaturePreviewPaywall renders children without paywall indicators for business plan","status":"passed","title":"renders children without paywall indicators for business plan","duration":7.128600000000006,"failureMessages":[],"meta":{},"tags":[]},{"ancestorTitles":["Business plan suppression","FeaturePreviewPaywall"],"fullName":"Business plan suppression FeaturePreviewPaywall renders children for all features on business plan","status":"passed","title":"renders children for all features on business plan","duration":22.637499999999818,"failureMessages":[],"meta":{},"tags":[]},{"ancestorTitles":["Business plan suppression","PremiumContentBlur"],"fullName":"Business plan suppression PremiumContentBlur renders children without blur for business plan","status":"passed","title":"renders children without blur for business plan","duration":5.148799999999937,"failureMessages":[],"meta":{},"tags":[]},{"ancestorTitles":["Business plan suppression","PremiumContentBlur"],"fullName":"Business plan suppression PremiumContentBlur renders children for all features on business plan","status":"passed","title":"renders children for all features on business plan","duration":21.524900000000343,"failureMessages":[],"meta":{},"tags":[]},{"ancestorTitles":["Business plan suppression","Integration: no paywall UI renders for business-plan users"],"fullName":"Business plan suppression Integration: no paywall UI renders for business-plan users renders a full page with all paywall components and no upgrade UI for business plan","status":"passed","title":"renders a full page with all paywall components and no upgrade UI for business plan","duration":29.76810000000023,"failureMessages":[],"meta":{},"tags":[]}],"startTime":1779225561159,"endTime":1779225561653.768,"status":"passed","message":"","name":"D:/Code/projects/requo/tests/components/paywall-business-suppression.test.tsx"},{"assertionResults":[{"ancestorTitles":["QuoteEditor AI missing info"],"fullName":"QuoteEditor AI missing info shows missing details after AI generation","status":"passed","title":"shows missing details after AI generation","duration":537.1890999999996,"failureMessages":[],"meta":{},"tags":[]},{"ancestorTitles":["QuoteEditor AI missing info"],"fullName":"QuoteEditor AI missing info copies the suggested clarification message from the missing info panel","status":"passed","title":"copies the suggested clarification message from the missing info panel","duration":54.96359999999913,"failureMessages":[],"meta":{},"tags":[]},{"ancestorTitles":["QuoteEditor AI missing info"],"fullName":"QuoteEditor AI missing info does not show the missing details panel when the AI returns none","status":"passed","title":"does not show the missing details panel when the AI returns none","duration":176.27919999999904,"failureMessages":[],"meta":{},"tags":[]}],"startTime":1779225565957,"endTime":1779225566725.2793,"status":"passed","message":"","name":"D:/Code/projects/requo/tests/components/quote-editor-ai-missing-info.test.tsx"}]}